[0.222s] DEBUG:colcon:Command line arguments: ['/usr/bin/colcon', 'build', '--symlink-install']
[0.222s] DEBUG:colcon:Parsed command line arguments: Namespace(allow_overriding=[], ament_cmake_args=None, base_paths=['.'], build_base='build', catkin_cmake_args=None, catkin_skip_building_tests=False, cmake_args=None, cmake_clean_cache=False, cmake_clean_first=False, cmake_force_configure=False, cmake_target=None, cmake_target_skip_unavailable=False, continue_on_error=False, event_handlers=None, executor='parallel', ignore_user_meta=False, install_base='install', log_base=None, log_level=None, main=<bound method BuildVerb.main of <colcon_core.verb.build.BuildVerb object at 0x7f0355cbf850>>, merge_install=False, metas=['./colcon.meta'], packages_above=None, packages_above_and_dependencies=None, packages_above_depth=None, packages_end=None, packages_ignore=None, packages_ignore_regex=None, packages_select=None, packages_select_build_failed=False, packages_select_by_dep=None, packages_select_regex=None, packages_select_test_failures=False, packages_skip=None, packages_skip_build_finished=False, packages_skip_by_dep=None, packages_skip_regex=None, packages_skip_test_passed=False, packages_skip_up_to=None, packages_start=None, packages_up_to=None, packages_up_to_regex=None, parallel_workers=12, paths=None, symlink_install=True, test_result_base=None, verb_extension=<colcon_core.verb.build.BuildVerb object at 0x7f0355cbf850>, verb_name='build', verb_parser=<colcon_defaults.argument_parser.defaults.DefaultArgumentsDecorator object at 0x7f0355cbfdc0>)
[0.269s] Level 1:colcon.colcon_core.package_discovery:discover_packages(colcon_meta) check parameters
[0.269s] Level 1:colcon.colcon_core.package_discovery:discover_packages(recursive) check parameters
[0.269s] Level 1:colcon.colcon_core.package_discovery:discover_packages(ignore) check parameters
[0.269s] Level 1:colcon.colcon_core.package_discovery:discover_packages(path) check parameters
[0.269s] Level 1:colcon.colcon_core.package_discovery:discover_packages(colcon_meta) discover
[0.269s] Level 1:colcon.colcon_core.package_discovery:discover_packages(recursive) discover
[0.269s] INFO:colcon.colcon_core.package_discovery:Crawling recursively for packages in '/home/jackie/ros2_ws/src/CompRoboWarmupProject'
[0.269s] Level 1:colcon.colcon_core.package_identification:_identify(.) by extensions ['ignore', 'ignore_ament_install']
[0.269s] Level 1:colcon.colcon_core.package_identification:_identify(.) by extension 'ignore'
[0.269s] Level 1:colcon.colcon_core.package_identification:_identify(.) by extension 'ignore_ament_install'
[0.270s] Level 1:colcon.colcon_core.package_identification:_identify(.) by extensions ['colcon_pkg']
[0.270s] Level 1:colcon.colcon_core.package_identification:_identify(.) by extension 'colcon_pkg'
[0.270s] Level 1:colcon.colcon_core.package_identification:_identify(.) by extensions ['colcon_meta']
[0.270s] Level 1:colcon.colcon_core.package_identification:_identify(.) by extension 'colcon_meta'
[0.270s] Level 1:colcon.colcon_core.package_identification:_identify(.) by extensions ['ros']
[0.270s] Level 1:colcon.colcon_core.package_identification:_identify(.) by extension 'ros'
[0.287s] DEBUG:colcon.colcon_core.package_identification:Package '.' with type 'ros.ament_python' and name 'warmup_project'
[0.287s] Level 1:colcon.colcon_core.package_discovery:discover_packages(recursive) using defaults
[0.287s] Level 1:colcon.colcon_core.package_discovery:discover_packages(ignore) discover
[0.287s] Level 1:colcon.colcon_core.package_discovery:discover_packages(ignore) using defaults
[0.287s] Level 1:colcon.colcon_core.package_discovery:discover_packages(path) discover
[0.287s] Level 1:colcon.colcon_core.package_discovery:discover_packages(path) using defaults
[0.319s] Level 1:colcon.colcon_core.package_discovery:discover_packages(prefix_path) check parameters
[0.319s] Level 1:colcon.colcon_core.package_discovery:discover_packages(prefix_path) discover
[0.322s] DEBUG:colcon.colcon_installed_package_information.package_discovery:Found 6 installed packages in /home/jackie/ros2_ws/install
[0.323s] DEBUG:colcon.colcon_installed_package_information.package_discovery:Found 299 installed packages in /opt/ros/foxy
[0.326s] Level 1:colcon.colcon_core.package_discovery:discover_packages(prefix_path) using defaults
[0.430s] Level 5:colcon.colcon_core.verb:set package 'warmup_project' build argument 'cmake_args' from command line to 'None'
[0.430s] Level 5:colcon.colcon_core.verb:set package 'warmup_project' build argument 'cmake_target' from command line to 'None'
[0.430s] Level 5:colcon.colcon_core.verb:set package 'warmup_project' build argument 'cmake_target_skip_unavailable' from command line to 'False'
[0.430s] Level 5:colcon.colcon_core.verb:set package 'warmup_project' build argument 'cmake_clean_cache' from command line to 'False'
[0.430s] Level 5:colcon.colcon_core.verb:set package 'warmup_project' build argument 'cmake_clean_first' from command line to 'False'
[0.430s] Level 5:colcon.colcon_core.verb:set package 'warmup_project' build argument 'cmake_force_configure' from command line to 'False'
[0.430s] Level 5:colcon.colcon_core.verb:set package 'warmup_project' build argument 'ament_cmake_args' from command line to 'None'
[0.430s] Level 5:colcon.colcon_core.verb:set package 'warmup_project' build argument 'catkin_cmake_args' from command line to 'None'
[0.430s] Level 5:colcon.colcon_core.verb:set package 'warmup_project' build argument 'catkin_skip_building_tests' from command line to 'False'
[0.430s] DEBUG:colcon.colcon_core.verb:Building package 'warmup_project' with the following arguments: {'ament_cmake_args': None, 'build_base': '/home/jackie/ros2_ws/src/CompRoboWarmupProject/build/warmup_project', 'catkin_cmake_args': None, 'catkin_skip_building_tests': False, 'cmake_args': None, 'cmake_clean_cache': False, 'cmake_clean_first': False, 'cmake_force_configure': False, 'cmake_target': None, 'cmake_target_skip_unavailable': False, 'install_base': '/home/jackie/ros2_ws/src/CompRoboWarmupProject/install/warmup_project', 'merge_install': False, 'path': '/home/jackie/ros2_ws/src/CompRoboWarmupProject', 'symlink_install': True, 'test_result_base': None}
[0.431s] INFO:colcon.colcon_core.executor:Executing jobs using 'parallel' executor
[0.442s] DEBUG:colcon.colcon_parallel_executor.executor.parallel:run_until_complete
[0.442s] INFO:colcon.colcon_ros.task.ament_python.build:Building ROS package in '/home/jackie/ros2_ws/src/CompRoboWarmupProject' with build type 'ament_python'
[0.442s] Level 1:colcon.colcon_core.shell:create_environment_hook('warmup_project', 'ament_prefix_path')
[0.459s] INFO:colcon.colcon_core.plugin_system:Skipping extension 'colcon_core.shell.bat': Not used on non-Windows systems
[0.459s] INFO:colcon.colcon_core.shell:Creating environment hook '/home/jackie/ros2_ws/src/CompRoboWarmupProject/install/warmup_project/share/warmup_project/hook/ament_prefix_path.ps1'
[0.459s] INFO:colcon.colcon_core.shell:Creating environment descriptor '/home/jackie/ros2_ws/src/CompRoboWarmupProject/install/warmup_project/share/warmup_project/hook/ament_prefix_path.dsv'
[0.460s] INFO:colcon.colcon_core.shell:Creating environment hook '/home/jackie/ros2_ws/src/CompRoboWarmupProject/install/warmup_project/share/warmup_project/hook/ament_prefix_path.sh'
[0.461s] INFO:colcon.colcon_core.shell:Skip shell extension 'powershell' for command environment: Not usable outside of PowerShell
[0.461s] DEBUG:colcon.colcon_core.shell:Skip shell extension 'dsv' for command environment
[0.782s] INFO:colcon.colcon_core.task.python.build:Building Python package in '/home/jackie/ros2_ws/src/CompRoboWarmupProject'
[0.783s] INFO:colcon.colcon_core.shell:Skip shell extension 'powershell' for command environment: Not usable outside of PowerShell
[0.783s] DEBUG:colcon.colcon_core.shell:Skip shell extension 'dsv' for command environment
[1.417s] DEBUG:colcon.colcon_core.event_handler.log_command:Invoking command in '/home/jackie/ros2_ws/src/CompRoboWarmupProject/build/warmup_project': PYTHONPATH=/home/jackie/ros2_ws/src/CompRoboWarmupProject/install/warmup_project/lib/python3.8/site-packages:${PYTHONPATH} /usr/bin/python3 setup.py develop --prefix /home/jackie/ros2_ws/src/CompRoboWarmupProject/install/warmup_project --editable --build-directory /home/jackie/ros2_ws/src/CompRoboWarmupProject/build/warmup_project/build --no-deps install_data --install-dir /home/jackie/ros2_ws/src/CompRoboWarmupProject/install/warmup_project
[2.080s] Level 1:colcon.colcon_core.shell:create_environment_hook('warmup_project', 'pythonpath_develop')
[2.087s] INFO:colcon.colcon_core.shell:Creating environment hook '/home/jackie/ros2_ws/src/CompRoboWarmupProject/build/warmup_project/share/warmup_project/hook/pythonpath_develop.ps1'
[2.088s] DEBUG:colcon.colcon_core.event_handler.log_command:Invoked command in '/home/jackie/ros2_ws/src/CompRoboWarmupProject/build/warmup_project' returned '0': PYTHONPATH=/home/jackie/ros2_ws/src/CompRoboWarmupProject/install/warmup_project/lib/python3.8/site-packages:${PYTHONPATH} /usr/bin/python3 setup.py develop --prefix /home/jackie/ros2_ws/src/CompRoboWarmupProject/install/warmup_project --editable --build-directory /home/jackie/ros2_ws/src/CompRoboWarmupProject/build/warmup_project/build --no-deps install_data --install-dir /home/jackie/ros2_ws/src/CompRoboWarmupProject/install/warmup_project
[2.090s] INFO:colcon.colcon_core.shell:Creating environment descriptor '/home/jackie/ros2_ws/src/CompRoboWarmupProject/build/warmup_project/share/warmup_project/hook/pythonpath_develop.dsv'
[2.090s] INFO:colcon.colcon_core.shell:Creating environment hook '/home/jackie/ros2_ws/src/CompRoboWarmupProject/build/warmup_project/share/warmup_project/hook/pythonpath_develop.sh'
[2.094s] Level 1:colcon.colcon_core.environment:checking '/home/jackie/ros2_ws/src/CompRoboWarmupProject/install/warmup_project' for CMake module files
[2.095s] Level 1:colcon.colcon_core.environment:checking '/home/jackie/ros2_ws/src/CompRoboWarmupProject/install/warmup_project' for CMake config files
[2.095s] Level 1:colcon.colcon_core.environment:checking '/home/jackie/ros2_ws/src/CompRoboWarmupProject/install/warmup_project/lib'
[2.095s] Level 1:colcon.colcon_core.environment:checking '/home/jackie/ros2_ws/src/CompRoboWarmupProject/install/warmup_project/bin'
[2.095s] Level 1:colcon.colcon_core.environment:checking '/home/jackie/ros2_ws/src/CompRoboWarmupProject/install/warmup_project/lib/pkgconfig/warmup_project.pc'
[2.096s] Level 1:colcon.colcon_core.environment:checking '/home/jackie/ros2_ws/src/CompRoboWarmupProject/install/warmup_project/lib/python3.8/site-packages'
[2.096s] Level 1:colcon.colcon_core.shell:create_environment_hook('warmup_project', 'pythonpath')
[2.097s] INFO:colcon.colcon_core.shell:Creating environment hook '/home/jackie/ros2_ws/src/CompRoboWarmupProject/install/warmup_project/share/warmup_project/hook/pythonpath.ps1'
[2.097s] INFO:colcon.colcon_core.shell:Creating environment descriptor '/home/jackie/ros2_ws/src/CompRoboWarmupProject/install/warmup_project/share/warmup_project/hook/pythonpath.dsv'
[2.100s] INFO:colcon.colcon_core.shell:Creating environment hook '/home/jackie/ros2_ws/src/CompRoboWarmupProject/install/warmup_project/share/warmup_project/hook/pythonpath.sh'
[2.103s] Level 1:colcon.colcon_core.environment:checking '/home/jackie/ros2_ws/src/CompRoboWarmupProject/install/warmup_project/bin'
[2.103s] Level 1:colcon.colcon_core.environment:create_environment_scripts_only(warmup_project)
[2.105s] INFO:colcon.colcon_core.shell:Creating package script '/home/jackie/ros2_ws/src/CompRoboWarmupProject/install/warmup_project/share/warmup_project/package.ps1'
[2.106s] INFO:colcon.colcon_core.shell:Creating package descriptor '/home/jackie/ros2_ws/src/CompRoboWarmupProject/install/warmup_project/share/warmup_project/package.dsv'
[2.107s] INFO:colcon.colcon_core.shell:Creating package script '/home/jackie/ros2_ws/src/CompRoboWarmupProject/install/warmup_project/share/warmup_project/package.sh'
[2.107s] INFO:colcon.colcon_core.shell:Creating package script '/home/jackie/ros2_ws/src/CompRoboWarmupProject/install/warmup_project/share/warmup_project/package.bash'
[2.108s] INFO:colcon.colcon_core.shell:Creating package script '/home/jackie/ros2_ws/src/CompRoboWarmupProject/install/warmup_project/share/warmup_project/package.zsh'
[2.108s] Level 1:colcon.colcon_core.environment:create_file_with_runtime_dependencies(/home/jackie/ros2_ws/src/CompRoboWarmupProject/install/warmup_project/share/colcon-core/packages/warmup_project)
[2.109s] DEBUG:colcon.colcon_parallel_executor.executor.parallel:closing loop
[2.109s] DEBUG:colcon.colcon_parallel_executor.executor.parallel:loop closed
[2.109s] DEBUG:colcon.colcon_parallel_executor.executor.parallel:run_until_complete finished with '0'
[2.109s] DEBUG:colcon.colcon_core.event_reactor:joining thread
[2.122s] INFO:colcon.colcon_core.plugin_system:Skipping extension 'colcon_notification.desktop_notification.terminal_notifier': Not used on non-Darwin systems
[2.122s] INFO:colcon.colcon_core.plugin_system:Skipping extension 'colcon_notification.desktop_notification.win32': Not used on non-Windows systems
[2.122s] INFO:colcon.colcon_notification.desktop_notification:Sending desktop notification using 'notify2'
[2.140s] DEBUG:colcon.colcon_core.event_reactor:joined thread
[2.141s] INFO:colcon.colcon_core.shell:Creating prefix script '/home/jackie/ros2_ws/src/CompRoboWarmupProject/install/local_setup.ps1'
[2.142s] INFO:colcon.colcon_core.shell:Creating prefix util module '/home/jackie/ros2_ws/src/CompRoboWarmupProject/install/_local_setup_util_ps1.py'
[2.143s] INFO:colcon.colcon_core.shell:Creating prefix chain script '/home/jackie/ros2_ws/src/CompRoboWarmupProject/install/setup.ps1'
[2.144s] INFO:colcon.colcon_core.shell:Creating prefix script '/home/jackie/ros2_ws/src/CompRoboWarmupProject/install/local_setup.sh'
[2.144s] INFO:colcon.colcon_core.shell:Creating prefix util module '/home/jackie/ros2_ws/src/CompRoboWarmupProject/install/_local_setup_util_sh.py'
[2.145s] INFO:colcon.colcon_core.shell:Creating prefix chain script '/home/jackie/ros2_ws/src/CompRoboWarmupProject/install/setup.sh'
[2.151s] INFO:colcon.colcon_core.shell:Creating prefix script '/home/jackie/ros2_ws/src/CompRoboWarmupProject/install/local_setup.bash'
[2.152s] INFO:colcon.colcon_core.shell:Creating prefix chain script '/home/jackie/ros2_ws/src/CompRoboWarmupProject/install/setup.bash'
[2.154s] INFO:colcon.colcon_core.shell:Creating prefix script '/home/jackie/ros2_ws/src/CompRoboWarmupProject/install/local_setup.zsh'
[2.154s] INFO:colcon.colcon_core.shell:Creating prefix chain script '/home/jackie/ros2_ws/src/CompRoboWarmupProject/install/setup.zsh'
