[0.974s] Invoking command in '/home/jackie/ros2_ws/src/CompRoboWarmupProject/build/warmup_project': PYTHONPATH=/home/jackie/ros2_ws/src/CompRoboWarmupProject/install/warmup_project/lib/python3.8/site-packages:${PYTHONPATH} /usr/bin/python3 setup.py develop --prefix /home/jackie/ros2_ws/src/CompRoboWarmupProject/install/warmup_project --editable --build-directory /home/jackie/ros2_ws/src/CompRoboWarmupProject/build/warmup_project/build --no-deps install_data --install-dir /home/jackie/ros2_ws/src/CompRoboWarmupProject/install/warmup_project
[1.297s] running develop
[1.486s] running egg_info
[1.486s] creating warmup_project.egg-info
[1.486s] writing warmup_project.egg-info/PKG-INFO
[1.486s] writing dependency_links to warmup_project.egg-info/dependency_links.txt
[1.486s] writing entry points to warmup_project.egg-info/entry_points.txt
[1.486s] writing requirements to warmup_project.egg-info/requires.txt
[1.486s] writing top-level names to warmup_project.egg-info/top_level.txt
[1.487s] writing manifest file 'warmup_project.egg-info/SOURCES.txt'
[1.531s] reading manifest file 'warmup_project.egg-info/SOURCES.txt'
[1.533s] writing manifest file 'warmup_project.egg-info/SOURCES.txt'
[1.573s] running build_ext
[1.573s] Creating /home/jackie/ros2_ws/src/CompRoboWarmupProject/install/warmup_project/lib/python3.8/site-packages/site.py
[1.580s] Creating /home/jackie/ros2_ws/src/CompRoboWarmupProject/install/warmup_project/lib/python3.8/site-packages/warmup-project.egg-link (link to .)
[1.581s] Installing drive_square script to /home/jackie/ros2_ws/src/CompRoboWarmupProject/install/warmup_project/lib/warmup_project
[1.581s] Installing obstacle_avoider script to /home/jackie/ros2_ws/src/CompRoboWarmupProject/install/warmup_project/lib/warmup_project
[1.581s] Installing person_follower script to /home/jackie/ros2_ws/src/CompRoboWarmupProject/install/warmup_project/lib/warmup_project
[1.581s] Installing teleop script to /home/jackie/ros2_ws/src/CompRoboWarmupProject/install/warmup_project/lib/warmup_project
[1.581s] Installing wall_follower script to /home/jackie/ros2_ws/src/CompRoboWarmupProject/install/warmup_project/lib/warmup_project
[1.581s] 
[1.581s] Installed /home/jackie/ros2_ws/src/CompRoboWarmupProject/build/warmup_project
[1.582s] running install_data
[1.582s] creating /home/jackie/ros2_ws/src/CompRoboWarmupProject/install/warmup_project/share/ament_index
[1.582s] creating /home/jackie/ros2_ws/src/CompRoboWarmupProject/install/warmup_project/share/ament_index/resource_index
[1.582s] creating /home/jackie/ros2_ws/src/CompRoboWarmupProject/install/warmup_project/share/ament_index/resource_index/packages
[1.582s] copying resource/warmup_project -> /home/jackie/ros2_ws/src/CompRoboWarmupProject/install/warmup_project/share/ament_index/resource_index/packages
[1.582s] copying package.xml -> /home/jackie/ros2_ws/src/CompRoboWarmupProject/install/warmup_project/share/warmup_project
[1.645s] Invoked command in '/home/jackie/ros2_ws/src/CompRoboWarmupProject/build/warmup_project' returned '0': PYTHONPATH=/home/jackie/ros2_ws/src/CompRoboWarmupProject/install/warmup_project/lib/python3.8/site-packages:${PYTHONPATH} /usr/bin/python3 setup.py develop --prefix /home/jackie/ros2_ws/src/CompRoboWarmupProject/install/warmup_project --editable --build-directory /home/jackie/ros2_ws/src/CompRoboWarmupProject/build/warmup_project/build --no-deps install_data --install-dir /home/jackie/ros2_ws/src/CompRoboWarmupProject/install/warmup_project
